# JRE version: Java(TM) SE Runtime Environment (17.0.4.1+1) (build 17.0.4.1+1-LTS-2)
# Java VM: Java HotSpot(TM) 64-Bit Server VM (17.0.4.1+1-LTS-2, mixed mode, sharing, tiered, compressed oops, compressed class ptrs, g1 gc, bsd-aarch64)
GC Precious Log:
 CPUs: 8 total, 8 available
 Memory: 16384M
 Large Page Support: Disabled
 NUMA Support: Disabled
 Compressed Oops: Enabled (Zero based)
 Heap Region Size: 2M
 Heap Min Capacity: 8M
 Heap Initial Capacity: 256M
 Heap Max Capacity: 4G
 Pre-touch: Disabled
 Parallel Workers: 8
 Concurrent Workers: 2
 Concurrent Refinement Workers: 8
 Periodic GC: Disabled
Heap:
 garbage-first heap   total 81920K, used 23064K [0x0000000700000000, 0x0000000800000000)
  region size 2048K, 5 young (10240K), 2 survivors (4096K)
 Metaspace       used 26886K, committed 27200K, reserved 1073152K
  class space    used 3425K, committed 3584K, reserved 1048576K
GC Heap History (12 events):
Event: 0.248 GC heap before
{Heap before GC invocations=0 (full 0):
 garbage-first heap   total 266240K, used 24544K [0x0000000700000000, 0x0000000800000000)
  region size 2048K, 11 young (22528K), 0 survivors (0K)
 Metaspace       used 5391K, committed 5568K, reserved 1056768K
  class space    used 510K, committed 576K, reserved 1048576K
}
Event: 0.250 GC heap after
{Heap after GC invocations=1 (full 0):
 garbage-first heap   total 266240K, used 5012K [0x0000000700000000, 0x0000000800000000)
  region size 2048K, 2 young (4096K), 2 survivors (4096K)
 Metaspace       used 5391K, committed 5568K, reserved 1056768K
  class space    used 510K, committed 576K, reserved 1048576K
}
Event: 0.755 GC heap before
{Heap before GC invocations=1 (full 0):
 garbage-first heap   total 266240K, used 62356K [0x0000000700000000, 0x0000000800000000)
  region size 2048K, 28 young (57344K), 2 survivors (4096K)
 Metaspace       used 20822K, committed 21120K, reserved 1073152K
  class space    used 2799K, committed 2944K, reserved 1048576K
}
Event: 0.759 GC heap after
{Heap after GC invocations=2 (full 0):
 garbage-first heap   total 266240K, used 16104K [0x0000000700000000, 0x0000000800000000)
  region size 2048K, 4 young (8192K), 4 survivors (8192K)
 Metaspace       used 20822K, committed 21120K, reserved 1073152K
  class space    used 2799K, committed 2944K, reserved 1048576K
}
Event: 0.777 GC heap before
{Heap before GC invocations=2 (full 0):
 garbage-first heap   total 266240K, used 20200K [0x0000000700000000, 0x0000000800000000)
  region size 2048K, 6 young (12288K), 4 survivors (8192K)
 Metaspace       used 21243K, committed 21504K, reserved 1073152K
  class space    used 2840K, committed 2944K, reserved 1048576K
}
Event: 0.779 GC heap after
{Heap after GC invocations=3 (full 0):
 garbage-first heap   total 266240K, used 18619K [0x0000000700000000, 0x0000000800000000)
  region size 2048K, 5 young (10240K), 5 survivors (10240K)
 Metaspace       used 21243K, committed 21504K, reserved 1073152K
  class space    used 2840K, committed 2944K, reserved 1048576K
}
Event: 6.350 GC heap before
{Heap before GC invocations=4 (full 0):
 garbage-first heap   total 81920K, used 57531K [0x0000000700000000, 0x0000000800000000)
  region size 2048K, 25 young (51200K), 5 survivors (10240K)
 Metaspace       used 25800K, committed 26176K, reserved 1073152K
  class space    used 3351K, committed 3520K, reserved 1048576K
}
Event: 6.354 GC heap after
{Heap after GC invocations=5 (full 0):
 garbage-first heap   total 81920K, used 21046K [0x0000000700000000, 0x0000000800000000)
  region size 2048K, 6 young (12288K), 6 survivors (12288K)
 Metaspace       used 25800K, committed 26176K, reserved 1073152K
  class space    used 3351K, committed 3520K, reserved 1048576K
}
Event: 7.867 GC heap before
{Heap before GC invocations=5 (full 0):
 garbage-first heap   total 81920K, used 53814K [0x0000000700000000, 0x0000000800000000)
  region size 2048K, 22 young (45056K), 6 survivors (12288K)
 Metaspace       used 25963K, committed 26240K, reserved 1073152K
  class space    used 3359K, committed 3520K, reserved 1048576K
}
Event: 7.873 GC heap after
{Heap after GC invocations=6 (full 0):
 garbage-first heap   total 81920K, used 20968K [0x0000000700000000, 0x0000000800000000)
  region size 2048K, 2 young (4096K), 2 survivors (4096K)
 Metaspace       used 25963K, committed 26240K, reserved 1073152K
  class space    used 3359K, committed 3520K, reserved 1048576K
}
Event: 20.939 GC heap before
{Heap before GC invocations=6 (full 0):
 garbage-first heap   total 81920K, used 57832K [0x0000000700000000, 0x0000000800000000)
  region size 2048K, 20 young (40960K), 2 survivors (4096K)
 Metaspace       used 26653K, committed 26944K, reserved 1073152K
  class space    used 3410K, committed 3584K, reserved 1048576K
}
Event: 20.942 GC heap after
{Heap after GC invocations=7 (full 0):
 garbage-first heap   total 81920K, used 21016K [0x0000000700000000, 0x0000000800000000)
  region size 2048K, 2 young (4096K), 2 survivors (4096K)
 Metaspace       used 26653K, committed 26944K, reserved 1073152K
  class space    used 3410K, committed 3584K, reserved 1048576K
}

