# JRE version: OpenJDK Runtime Environment Temurin-17.0.3+7 (17.0.3+7) (build 17.0.3+7)
# Java VM: OpenJDK 64-Bit Server VM Temurin-17.0.3+7 (17.0.3+7, mixed mode, sharing, tiered, compressed oops, compressed class ptrs, g1 gc, bsd-amd64)
GC Precious Log:
 CPUs: 8 total, 8 available
 Memory: 16384M
 Large Page Support: Disabled
 NUMA Support: Disabled
 Compressed Oops: Enabled (Zero based)
 Heap Region Size: 2M
 Heap Min Capacity: 8M
 Heap Initial Capacity: 256M
 Heap Max Capacity: 4G
 Pre-touch: Disabled
 Parallel Workers: 8
 Concurrent Workers: 2
 Concurrent Refinement Workers: 8
 Periodic GC: Disabled
Heap:
 garbage-first heap   total 75776K, used 41792K [0x0000000700000000, 0x0000000800000000)
  region size 2048K, 13 young (26624K), 1 survivors (2048K)
 Metaspace       used 26648K, committed 27008K, reserved 1073152K
  class space    used 3367K, committed 3520K, reserved 1048576K
GC Heap History (20 events):
Event: 9.966 GC heap before
{Heap before GC invocations=8 (full 0):
 garbage-first heap   total 75776K, used 54074K [0x0000000700000000, 0x0000000800000000)
  region size 2048K, 17 young (34816K), 1 survivors (2048K)
 Metaspace       used 25816K, committed 26112K, reserved 1073152K
  class space    used 3311K, committed 3456K, reserved 1048576K
}
Event: 9.967 GC heap after
{Heap after GC invocations=9 (full 0):
 garbage-first heap   total 75776K, used 21314K [0x0000000700000000, 0x0000000800000000)
  region size 2048K, 1 young (2048K), 1 survivors (2048K)
 Metaspace       used 25816K, committed 26112K, reserved 1073152K
  class space    used 3311K, committed 3456K, reserved 1048576K
}
Event: 10.825 GC heap before
{Heap before GC invocations=9 (full 0):
 garbage-first heap   total 75776K, used 54082K [0x0000000700000000, 0x0000000800000000)
  region size 2048K, 17 young (34816K), 1 survivors (2048K)
 Metaspace       used 25931K, committed 26240K, reserved 1073152K
  class space    used 3311K, committed 3456K, reserved 1048576K
}
Event: 10.828 GC heap after
{Heap after GC invocations=10 (full 0):
 garbage-first heap   total 75776K, used 21298K [0x0000000700000000, 0x0000000800000000)
  region size 2048K, 1 young (2048K), 1 survivors (2048K)
 Metaspace       used 25931K, committed 26240K, reserved 1073152K
  class space    used 3311K, committed 3456K, reserved 1048576K
}
Event: 11.591 GC heap before
{Heap before GC invocations=10 (full 0):
 garbage-first heap   total 75776K, used 56114K [0x0000000700000000, 0x0000000800000000)
  region size 2048K, 18 young (36864K), 1 survivors (2048K)
 Metaspace       used 25975K, committed 26240K, reserved 1073152K
  class space    used 3311K, committed 3456K, reserved 1048576K
}
Event: 11.593 GC heap after
{Heap after GC invocations=11 (full 0):
 garbage-first heap   total 75776K, used 21317K [0x0000000700000000, 0x0000000800000000)
  region size 2048K, 1 young (2048K), 1 survivors (2048K)
 Metaspace       used 25975K, committed 26240K, reserved 1073152K
  class space    used 3311K, committed 3456K, reserved 1048576K
}
Event: 12.393 GC heap before
{Heap before GC invocations=11 (full 0):
 garbage-first heap   total 75776K, used 56133K [0x0000000700000000, 0x0000000800000000)
  region size 2048K, 18 young (36864K), 1 survivors (2048K)
 Metaspace       used 25999K, committed 26368K, reserved 1073152K
  class space    used 3311K, committed 3456K, reserved 1048576K
}
Event: 12.395 GC heap after
{Heap after GC invocations=12 (full 0):
 garbage-first heap   total 75776K, used 21302K [0x0000000700000000, 0x0000000800000000)
  region size 2048K, 1 young (2048K), 1 survivors (2048K)
 Metaspace       used 25999K, committed 26368K, reserved 1073152K
  class space    used 3311K, committed 3456K, reserved 1048576K
}
Event: 13.240 GC heap before
{Heap before GC invocations=12 (full 0):
 garbage-first heap   total 75776K, used 58166K [0x0000000700000000, 0x0000000800000000)
  region size 2048K, 19 young (38912K), 1 survivors (2048K)
 Metaspace       used 26030K, committed 26368K, reserved 1073152K
  class space    used 3311K, committed 3456K, reserved 1048576K
}
Event: 13.241 GC heap after
{Heap after GC invocations=13 (full 0):
 garbage-first heap   total 75776K, used 21298K [0x0000000700000000, 0x0000000800000000)
  region size 2048K, 1 young (2048K), 1 survivors (2048K)
 Metaspace       used 26030K, committed 26368K, reserved 1073152K
  class space    used 3311K, committed 3456K, reserved 1048576K
}
Event: 14.099 GC heap before
{Heap before GC invocations=13 (full 0):
 garbage-first heap   total 75776K, used 58162K [0x0000000700000000, 0x0000000800000000)
  region size 2048K, 19 young (38912K), 1 survivors (2048K)
 Metaspace       used 26049K, committed 26368K, reserved 1073152K
  class space    used 3311K, committed 3456K, reserved 1048576K
}
Event: 14.100 GC heap after
{Heap after GC invocations=14 (full 0):
 garbage-first heap   total 75776K, used 21293K [0x0000000700000000, 0x0000000800000000)
  region size 2048K, 1 young (2048K), 1 survivors (2048K)
 Metaspace       used 26049K, committed 26368K, reserved 1073152K
  class space    used 3311K, committed 3456K, reserved 1048576K
}
Event: 15.521 GC heap before
{Heap before GC invocations=14 (full 0):
 garbage-first heap   total 75776K, used 58157K [0x0000000700000000, 0x0000000800000000)
  region size 2048K, 19 young (38912K), 1 survivors (2048K)
 Metaspace       used 26123K, committed 26432K, reserved 1073152K
  class space    used 3312K, committed 3456K, reserved 1048576K
}
Event: 15.522 GC heap after
{Heap after GC invocations=15 (full 0):
 garbage-first heap   total 75776K, used 21312K [0x0000000700000000, 0x0000000800000000)
  region size 2048K, 1 young (2048K), 1 survivors (2048K)
 Metaspace       used 26123K, committed 26432K, reserved 1073152K
  class space    used 3312K, committed 3456K, reserved 1048576K
}
Event: 19.100 GC heap before
{Heap before GC invocations=15 (full 0):
 garbage-first heap   total 75776K, used 60224K [0x0000000700000000, 0x0000000800000000)
  region size 2048K, 20 young (40960K), 1 survivors (2048K)
 Metaspace       used 26168K, committed 26496K, reserved 1073152K
  class space    used 3312K, committed 3456K, reserved 1048576K
}
Event: 19.102 GC heap after
{Heap after GC invocations=16 (full 0):
 garbage-first heap   total 75776K, used 21287K [0x0000000700000000, 0x0000000800000000)
  region size 2048K, 1 young (2048K), 1 survivors (2048K)
 Metaspace       used 26168K, committed 26496K, reserved 1073152K
  class space    used 3312K, committed 3456K, reserved 1048576K
}
Event: 20.389 GC heap before
{Heap before GC invocations=16 (full 0):
 garbage-first heap   total 75776K, used 60199K [0x0000000700000000, 0x0000000800000000)
  region size 2048K, 20 young (40960K), 1 survivors (2048K)
 Metaspace       used 26172K, committed 26496K, reserved 1073152K
  class space    used 3312K, committed 3456K, reserved 1048576K
}
Event: 20.392 GC heap after
{Heap after GC invocations=17 (full 0):
 garbage-first heap   total 75776K, used 21376K [0x0000000700000000, 0x0000000800000000)
  region size 2048K, 1 young (2048K), 1 survivors (2048K)
 Metaspace       used 26172K, committed 26496K, reserved 1073152K
  class space    used 3312K, committed 3456K, reserved 1048576K
}
Event: 21.646 GC heap before
{Heap before GC invocations=17 (full 0):
 garbage-first heap   total 75776K, used 60288K [0x0000000700000000, 0x0000000800000000)
  region size 2048K, 20 young (40960K), 1 survivors (2048K)
 Metaspace       used 26177K, committed 26496K, reserved 1073152K
  class space    used 3312K, committed 3456K, reserved 1048576K
}
Event: 21.647 GC heap after
{Heap after GC invocations=18 (full 0):
 garbage-first heap   total 75776K, used 21312K [0x0000000700000000, 0x0000000800000000)
  region size 2048K, 1 young (2048K), 1 survivors (2048K)
 Metaspace       used 26177K, committed 26496K, reserved 1073152K
  class space    used 3312K, committed 3456K, reserved 1048576K
}

