# JRE version: OpenJDK Runtime Environment Temurin-17.0.3+7 (17.0.3+7) (build 17.0.3+7)
# Java VM: OpenJDK 64-Bit Server VM Temurin-17.0.3+7 (17.0.3+7, mixed mode, tiered, compressed oops, compressed class ptrs, g1 gc, bsd-amd64)
GC Precious Log:
 CPUs: 8 total, 8 available
 Memory: 16384M
 Large Page Support: Disabled
 NUMA Support: Disabled
 Compressed Oops: Enabled (Zero based)
 Heap Region Size: 2M
 Heap Min Capacity: 8M
 Heap Initial Capacity: 256M
 Heap Max Capacity: 4G
 Pre-touch: Disabled
 Parallel Workers: 8
 Concurrent Workers: 2
 Concurrent Refinement Workers: 8
 Periodic GC: Disabled
Heap:
 garbage-first heap   total 90112K, used 24161K [0x00000006c0000000, 0x00000007c0000000)
  region size 2048K, 5 young (10240K), 2 survivors (4096K)
 Metaspace       used 35751K, committed 36096K, reserved 1081344K
  class space    used 4192K, committed 4352K, reserved 1048576K
GC Heap History (20 events):
Event: 6.620 GC heap before
{Heap before GC invocations=7 (full 0):
 garbage-first heap   total 149504K, used 94031K [0x00000006c0000000, 0x00000007c0000000)
  region size 2048K, 38 young (77824K), 1 survivors (2048K)
 Metaspace       used 34837K, committed 35136K, reserved 1081344K
  class space    used 4139K, committed 4288K, reserved 1048576K
}
Event: 6.626 GC heap after
{Heap after GC invocations=8 (full 0):
 garbage-first heap   total 149504K, used 20298K [0x00000006c0000000, 0x00000007c0000000)
  region size 2048K, 2 young (4096K), 2 survivors (4096K)
 Metaspace       used 34837K, committed 35136K, reserved 1081344K
  class space    used 4139K, committed 4288K, reserved 1048576K
}
Event: 7.625 GC heap before
{Heap before GC invocations=8 (full 0):
 garbage-first heap   total 149504K, used 102218K [0x00000006c0000000, 0x00000007c0000000)
  region size 2048K, 42 young (86016K), 2 survivors (4096K)
 Metaspace       used 34927K, committed 35264K, reserved 1081344K
  class space    used 4139K, committed 4288K, reserved 1048576K
}
Event: 7.630 GC heap after
{Heap after GC invocations=9 (full 0):
 garbage-first heap   total 149504K, used 20412K [0x00000006c0000000, 0x00000007c0000000)
  region size 2048K, 2 young (4096K), 2 survivors (4096K)
 Metaspace       used 34927K, committed 35264K, reserved 1081344K
  class space    used 4139K, committed 4288K, reserved 1048576K
}
Event: 8.519 GC heap before
{Heap before GC invocations=9 (full 0):
 garbage-first heap   total 149504K, used 104380K [0x00000006c0000000, 0x00000007c0000000)
  region size 2048K, 43 young (88064K), 2 survivors (4096K)
 Metaspace       used 35045K, committed 35328K, reserved 1081344K
  class space    used 4143K, committed 4288K, reserved 1048576K
}
Event: 8.523 GC heap after
{Heap after GC invocations=10 (full 0):
 garbage-first heap   total 149504K, used 20503K [0x00000006c0000000, 0x00000007c0000000)
  region size 2048K, 2 young (4096K), 2 survivors (4096K)
 Metaspace       used 35045K, committed 35328K, reserved 1081344K
  class space    used 4143K, committed 4288K, reserved 1048576K
}
Event: 9.425 GC heap before
{Heap before GC invocations=10 (full 0):
 garbage-first heap   total 149504K, used 104471K [0x00000006c0000000, 0x00000007c0000000)
  region size 2048K, 43 young (88064K), 2 survivors (4096K)
 Metaspace       used 35143K, committed 35456K, reserved 1081344K
  class space    used 4143K, committed 4288K, reserved 1048576K
}
Event: 9.428 GC heap after
{Heap after GC invocations=11 (full 0):
 garbage-first heap   total 149504K, used 20373K [0x00000006c0000000, 0x00000007c0000000)
  region size 2048K, 2 young (4096K), 2 survivors (4096K)
 Metaspace       used 35143K, committed 35456K, reserved 1081344K
  class space    used 4143K, committed 4288K, reserved 1048576K
}
Event: 10.447 GC heap before
{Heap before GC invocations=11 (full 0):
 garbage-first heap   total 149504K, used 104341K [0x00000006c0000000, 0x00000007c0000000)
  region size 2048K, 43 young (88064K), 2 survivors (4096K)
 Metaspace       used 35239K, committed 35520K, reserved 1081344K
  class space    used 4143K, committed 4288K, reserved 1048576K
}
Event: 10.451 GC heap after
{Heap after GC invocations=12 (full 0):
 garbage-first heap   total 149504K, used 20451K [0x00000006c0000000, 0x00000007c0000000)
  region size 2048K, 2 young (4096K), 2 survivors (4096K)
 Metaspace       used 35239K, committed 35520K, reserved 1081344K
  class space    used 4143K, committed 4288K, reserved 1048576K
}
Event: 11.398 GC heap before
{Heap before GC invocations=12 (full 0):
 garbage-first heap   total 149504K, used 104419K [0x00000006c0000000, 0x00000007c0000000)
  region size 2048K, 43 young (88064K), 2 survivors (4096K)
 Metaspace       used 35314K, committed 35648K, reserved 1081344K
  class space    used 4143K, committed 4288K, reserved 1048576K
}
Event: 11.402 GC heap after
{Heap after GC invocations=13 (full 0):
 garbage-first heap   total 149504K, used 20345K [0x00000006c0000000, 0x00000007c0000000)
  region size 2048K, 2 young (4096K), 2 survivors (4096K)
 Metaspace       used 35314K, committed 35648K, reserved 1081344K
  class space    used 4143K, committed 4288K, reserved 1048576K
}
Event: 12.374 GC heap before
{Heap before GC invocations=13 (full 0):
 garbage-first heap   total 149504K, used 104313K [0x00000006c0000000, 0x00000007c0000000)
  region size 2048K, 43 young (88064K), 2 survivors (4096K)
 Metaspace       used 35354K, committed 35712K, reserved 1081344K
  class space    used 4143K, committed 4288K, reserved 1048576K
}
Event: 12.379 GC heap after
{Heap after GC invocations=14 (full 0):
 garbage-first heap   total 149504K, used 20322K [0x00000006c0000000, 0x00000007c0000000)
  region size 2048K, 2 young (4096K), 2 survivors (4096K)
 Metaspace       used 35354K, committed 35712K, reserved 1081344K
  class space    used 4143K, committed 4288K, reserved 1048576K
}
Event: 13.418 GC heap before
{Heap before GC invocations=14 (full 0):
 garbage-first heap   total 149504K, used 104290K [0x00000006c0000000, 0x00000007c0000000)
  region size 2048K, 43 young (88064K), 2 survivors (4096K)
 Metaspace       used 35404K, committed 35712K, reserved 1081344K
  class space    used 4143K, committed 4288K, reserved 1048576K
}
Event: 13.421 GC heap after
{Heap after GC invocations=15 (full 0):
 garbage-first heap   total 149504K, used 20228K [0x00000006c0000000, 0x00000007c0000000)
  region size 2048K, 2 young (4096K), 2 survivors (4096K)
 Metaspace       used 35404K, committed 35712K, reserved 1081344K
  class space    used 4143K, committed 4288K, reserved 1048576K
}
Event: 14.114 GC heap before
{Heap before GC invocations=15 (full 0):
 garbage-first heap   total 149504K, used 79620K [0x00000006c0000000, 0x00000007c0000000)
  region size 2048K, 32 young (65536K), 2 survivors (4096K)
 Metaspace       used 35658K, committed 35968K, reserved 1081344K
  class space    used 4184K, committed 4352K, reserved 1048576K
}
Event: 14.118 GC heap after
{Heap after GC invocations=16 (full 0):
 garbage-first heap   total 149504K, used 20313K [0x00000006c0000000, 0x00000007c0000000)
  region size 2048K, 2 young (4096K), 2 survivors (4096K)
 Metaspace       used 35658K, committed 35968K, reserved 1081344K
  class space    used 4184K, committed 4352K, reserved 1048576K
}
Event: 15.439 GC heap before
{Heap before GC invocations=17 (full 0):
 garbage-first heap   total 90112K, used 69465K [0x00000006c0000000, 0x00000007c0000000)
  region size 2048K, 26 young (53248K), 2 survivors (4096K)
 Metaspace       used 35726K, committed 36032K, reserved 1081344K
  class space    used 4192K, committed 4352K, reserved 1048576K
}
Event: 15.442 GC heap after
{Heap after GC invocations=18 (full 0):
 garbage-first heap   total 90112K, used 20065K [0x00000006c0000000, 0x00000007c0000000)
  region size 2048K, 2 young (4096K), 2 survivors (4096K)
 Metaspace       used 35726K, committed 36032K, reserved 1081344K
  class space    used 4192K, committed 4352K, reserved 1048576K
}

