# JRE version: OpenJDK Runtime Environment Temurin-17.0.3+7 (17.0.3+7) (build 17.0.3+7)
# Java VM: OpenJDK 64-Bit Server VM Temurin-17.0.3+7 (17.0.3+7, mixed mode, tiered, compressed oops, compressed class ptrs, g1 gc, bsd-amd64)
GC Precious Log:
 CPUs: 8 total, 8 available
 Memory: 16384M
 Large Page Support: Disabled
 NUMA Support: Disabled
 Compressed Oops: Enabled (Zero based)
 Heap Region Size: 2M
 Heap Min Capacity: 8M
 Heap Initial Capacity: 256M
 Heap Max Capacity: 4G
 Pre-touch: Disabled
 Parallel Workers: 8
 Concurrent Workers: 2
 Concurrent Refinement Workers: 8
 Periodic GC: Disabled
Heap:
 garbage-first heap   total 81920K, used 38875K [0x00000006c0000000, 0x00000007c0000000)
  region size 2048K, 12 young (24576K), 2 survivors (4096K)
 Metaspace       used 35882K, committed 36224K, reserved 1081344K
  class space    used 4196K, committed 4352K, reserved 1048576K
GC Heap History (20 events):
Event: 10.144 GC heap before
{Heap before GC invocations=7 (full 0):
 garbage-first heap   total 149504K, used 104362K [0x00000006c0000000, 0x00000007c0000000)
  region size 2048K, 43 young (88064K), 1 survivors (2048K)
 Metaspace       used 34998K, committed 35392K, reserved 1081344K
  class space    used 4144K, committed 4352K, reserved 1048576K
}
Event: 10.149 GC heap after
{Heap after GC invocations=8 (full 0):
 garbage-first heap   total 149504K, used 20396K [0x00000006c0000000, 0x00000007c0000000)
  region size 2048K, 2 young (4096K), 2 survivors (4096K)
 Metaspace       used 34998K, committed 35392K, reserved 1081344K
  class space    used 4144K, committed 4352K, reserved 1048576K
}
Event: 10.968 GC heap before
{Heap before GC invocations=8 (full 0):
 garbage-first heap   total 149504K, used 104364K [0x00000006c0000000, 0x00000007c0000000)
  region size 2048K, 43 young (88064K), 2 survivors (4096K)
 Metaspace       used 35055K, committed 35392K, reserved 1081344K
  class space    used 4144K, committed 4352K, reserved 1048576K
}
Event: 10.972 GC heap after
{Heap after GC invocations=9 (full 0):
 garbage-first heap   total 149504K, used 20371K [0x00000006c0000000, 0x00000007c0000000)
  region size 2048K, 2 young (4096K), 2 survivors (4096K)
 Metaspace       used 35055K, committed 35392K, reserved 1081344K
  class space    used 4144K, committed 4352K, reserved 1048576K
}
Event: 11.852 GC heap before
{Heap before GC invocations=9 (full 0):
 garbage-first heap   total 149504K, used 104339K [0x00000006c0000000, 0x00000007c0000000)
  region size 2048K, 43 young (88064K), 2 survivors (4096K)
 Metaspace       used 35150K, committed 35520K, reserved 1081344K
  class space    used 4144K, committed 4352K, reserved 1048576K
}
Event: 11.858 GC heap after
{Heap after GC invocations=10 (full 0):
 garbage-first heap   total 149504K, used 20481K [0x00000006c0000000, 0x00000007c0000000)
  region size 2048K, 2 young (4096K), 2 survivors (4096K)
 Metaspace       used 35150K, committed 35520K, reserved 1081344K
  class space    used 4144K, committed 4352K, reserved 1048576K
}
Event: 12.676 GC heap before
{Heap before GC invocations=10 (full 0):
 garbage-first heap   total 149504K, used 104449K [0x00000006c0000000, 0x00000007c0000000)
  region size 2048K, 43 young (88064K), 2 survivors (4096K)
 Metaspace       used 35225K, committed 35584K, reserved 1081344K
  class space    used 4144K, committed 4352K, reserved 1048576K
}
Event: 12.682 GC heap after
{Heap after GC invocations=11 (full 0):
 garbage-first heap   total 149504K, used 20360K [0x00000006c0000000, 0x00000007c0000000)
  region size 2048K, 2 young (4096K), 2 survivors (4096K)
 Metaspace       used 35225K, committed 35584K, reserved 1081344K
  class space    used 4144K, committed 4352K, reserved 1048576K
}
Event: 13.557 GC heap before
{Heap before GC invocations=11 (full 0):
 garbage-first heap   total 149504K, used 104328K [0x00000006c0000000, 0x00000007c0000000)
  region size 2048K, 43 young (88064K), 2 survivors (4096K)
 Metaspace       used 35298K, committed 35648K, reserved 1081344K
  class space    used 4144K, committed 4352K, reserved 1048576K
}
Event: 13.560 GC heap after
{Heap after GC invocations=12 (full 0):
 garbage-first heap   total 149504K, used 20398K [0x00000006c0000000, 0x00000007c0000000)
  region size 2048K, 2 young (4096K), 2 survivors (4096K)
 Metaspace       used 35298K, committed 35648K, reserved 1081344K
  class space    used 4144K, committed 4352K, reserved 1048576K
}
Event: 14.474 GC heap before
{Heap before GC invocations=12 (full 0):
 garbage-first heap   total 149504K, used 104366K [0x00000006c0000000, 0x00000007c0000000)
  region size 2048K, 43 young (88064K), 2 survivors (4096K)
 Metaspace       used 35411K, committed 35776K, reserved 1081344K
  class space    used 4147K, committed 4352K, reserved 1048576K
}
Event: 14.477 GC heap after
{Heap after GC invocations=13 (full 0):
 garbage-first heap   total 149504K, used 20269K [0x00000006c0000000, 0x00000007c0000000)
  region size 2048K, 2 young (4096K), 2 survivors (4096K)
 Metaspace       used 35411K, committed 35776K, reserved 1081344K
  class space    used 4147K, committed 4352K, reserved 1048576K
}
Event: 15.470 GC heap before
{Heap before GC invocations=13 (full 0):
 garbage-first heap   total 149504K, used 104237K [0x00000006c0000000, 0x00000007c0000000)
  region size 2048K, 43 young (88064K), 2 survivors (4096K)
 Metaspace       used 35451K, committed 35776K, reserved 1081344K
  class space    used 4147K, committed 4352K, reserved 1048576K
}
Event: 15.475 GC heap after
{Heap after GC invocations=14 (full 0):
 garbage-first heap   total 149504K, used 20281K [0x00000006c0000000, 0x00000007c0000000)
  region size 2048K, 2 young (4096K), 2 survivors (4096K)
 Metaspace       used 35451K, committed 35776K, reserved 1081344K
  class space    used 4147K, committed 4352K, reserved 1048576K
}
Event: 16.380 GC heap before
{Heap before GC invocations=14 (full 0):
 garbage-first heap   total 149504K, used 104249K [0x00000006c0000000, 0x00000007c0000000)
  region size 2048K, 43 young (88064K), 2 survivors (4096K)
 Metaspace       used 35498K, committed 35840K, reserved 1081344K
  class space    used 4148K, committed 4352K, reserved 1048576K
}
Event: 16.386 GC heap after
{Heap after GC invocations=15 (full 0):
 garbage-first heap   total 149504K, used 20278K [0x00000006c0000000, 0x00000007c0000000)
  region size 2048K, 2 young (4096K), 2 survivors (4096K)
 Metaspace       used 35498K, committed 35840K, reserved 1081344K
  class space    used 4148K, committed 4352K, reserved 1048576K
}
Event: 17.261 GC heap before
{Heap before GC invocations=15 (full 0):
 garbage-first heap   total 149504K, used 104246K [0x00000006c0000000, 0x00000007c0000000)
  region size 2048K, 43 young (88064K), 2 survivors (4096K)
 Metaspace       used 35551K, committed 35904K, reserved 1081344K
  class space    used 4148K, committed 4352K, reserved 1048576K
}
Event: 17.264 GC heap after
{Heap after GC invocations=16 (full 0):
 garbage-first heap   total 149504K, used 20276K [0x00000006c0000000, 0x00000007c0000000)
  region size 2048K, 2 young (4096K), 2 survivors (4096K)
 Metaspace       used 35551K, committed 35904K, reserved 1081344K
  class space    used 4148K, committed 4352K, reserved 1048576K
}
Event: 18.272 GC heap before
{Heap before GC invocations=16 (full 0):
 garbage-first heap   total 149504K, used 75572K [0x00000006c0000000, 0x00000007c0000000)
  region size 2048K, 30 young (61440K), 2 survivors (4096K)
 Metaspace       used 35845K, committed 36096K, reserved 1081344K
  class space    used 4196K, committed 4352K, reserved 1048576K
}
Event: 18.277 GC heap after
{Heap after GC invocations=17 (full 0):
 garbage-first heap   total 149504K, used 20443K [0x00000006c0000000, 0x00000007c0000000)
  region size 2048K, 2 young (4096K), 2 survivors (4096K)
 Metaspace       used 35845K, committed 36096K, reserved 1081344K
  class space    used 4196K, committed 4352K, reserved 1048576K
}

