# JRE version: OpenJDK Runtime Environment Temurin-17.0.3+7 (17.0.3+7) (build 17.0.3+7)
# Java VM: OpenJDK 64-Bit Server VM Temurin-17.0.3+7 (17.0.3+7, mixed mode, sharing, tiered, compressed oops, compressed class ptrs, g1 gc, bsd-amd64)
GC Precious Log:
 CPUs: 8 total, 8 available
 Memory: 16384M
 Large Page Support: Disabled
 NUMA Support: Disabled
 Compressed Oops: Enabled (Zero based)
 Heap Region Size: 2M
 Heap Min Capacity: 8M
 Heap Initial Capacity: 256M
 Heap Max Capacity: 4G
 Pre-touch: Disabled
 Parallel Workers: 8
 Concurrent Workers: 2
 Concurrent Refinement Workers: 8
 Periodic GC: Disabled
Heap:
 garbage-first heap   total 81920K, used 29160K [0x0000000700000000, 0x0000000800000000)
  region size 2048K, 6 young (12288K), 1 survivors (2048K)
 Metaspace       used 26470K, committed 26752K, reserved 1073152K
  class space    used 3390K, committed 3520K, reserved 1048576K
GC Heap History (16 events):
Event: 1.057 GC heap before
{Heap before GC invocations=0 (full 0):
 garbage-first heap   total 266240K, used 24532K [0x0000000700000000, 0x0000000800000000)
  region size 2048K, 11 young (22528K), 0 survivors (0K)
 Metaspace       used 7972K, committed 8192K, reserved 1064960K
  class space    used 915K, committed 1024K, reserved 1048576K
}
Event: 1.064 GC heap after
{Heap after GC invocations=1 (full 0):
 garbage-first heap   total 266240K, used 5618K [0x0000000700000000, 0x0000000800000000)
  region size 2048K, 2 young (4096K), 2 survivors (4096K)
 Metaspace       used 7972K, committed 8192K, reserved 1064960K
  class space    used 915K, committed 1024K, reserved 1048576K
}
Event: 2.176 GC heap before
{Heap before GC invocations=1 (full 0):
 garbage-first heap   total 266240K, used 34290K [0x0000000700000000, 0x0000000800000000)
  region size 2048K, 15 young (30720K), 2 survivors (4096K)
 Metaspace       used 17277K, committed 17536K, reserved 1064960K
  class space    used 2362K, committed 2496K, reserved 1048576K
}
Event: 2.183 GC heap after
{Heap after GC invocations=2 (full 0):
 garbage-first heap   total 266240K, used 14294K [0x0000000700000000, 0x0000000800000000)
  region size 2048K, 2 young (4096K), 2 survivors (4096K)
 Metaspace       used 17277K, committed 17536K, reserved 1064960K
  class space    used 2362K, committed 2496K, reserved 1048576K
}
Event: 2.373 GC heap before
{Heap before GC invocations=2 (full 0):
 garbage-first heap   total 266240K, used 26582K [0x0000000700000000, 0x0000000800000000)
  region size 2048K, 9 young (18432K), 2 survivors (4096K)
 Metaspace       used 21511K, committed 21888K, reserved 1073152K
  class space    used 2877K, committed 3072K, reserved 1048576K
}
Event: 2.378 GC heap after
{Heap after GC invocations=3 (full 0):
 garbage-first heap   total 266240K, used 16453K [0x0000000700000000, 0x0000000800000000)
  region size 2048K, 4 young (8192K), 4 survivors (8192K)
 Metaspace       used 21511K, committed 21888K, reserved 1073152K
  class space    used 2877K, committed 3072K, reserved 1048576K
}
Event: 5.356 GC heap before
{Heap before GC invocations=4 (full 0):
 garbage-first heap   total 81920K, used 59461K [0x0000000700000000, 0x0000000800000000)
  region size 2048K, 24 young (49152K), 4 survivors (8192K)
 Metaspace       used 25575K, committed 25856K, reserved 1073152K
  class space    used 3316K, committed 3456K, reserved 1048576K
}
Event: 5.366 GC heap after
{Heap after GC invocations=5 (full 0):
 garbage-first heap   total 81920K, used 20959K [0x0000000700000000, 0x0000000800000000)
  region size 2048K, 3 young (6144K), 3 survivors (6144K)
 Metaspace       used 25575K, committed 25856K, reserved 1073152K
  class space    used 3316K, committed 3456K, reserved 1048576K
}
Event: 5.809 GC heap before
{Heap before GC invocations=5 (full 0):
 garbage-first heap   total 81920K, used 23007K [0x0000000700000000, 0x0000000800000000)
  region size 2048K, 4 young (8192K), 3 survivors (6144K)
 Metaspace       used 25632K, committed 25984K, reserved 1073152K
  class space    used 3322K, committed 3456K, reserved 1048576K
}
Event: 5.814 GC heap after
{Heap after GC invocations=6 (full 0):
 garbage-first heap   total 81920K, used 21465K [0x0000000700000000, 0x0000000800000000)
  region size 2048K, 1 young (2048K), 1 survivors (2048K)
 Metaspace       used 25632K, committed 25984K, reserved 1073152K
  class space    used 3322K, committed 3456K, reserved 1048576K
}
Event: 6.610 GC heap before
{Heap before GC invocations=6 (full 0):
 garbage-first heap   total 81920K, used 52185K [0x0000000700000000, 0x0000000800000000)
  region size 2048K, 16 young (32768K), 1 survivors (2048K)
 Metaspace       used 25711K, committed 25984K, reserved 1073152K
  class space    used 3322K, committed 3456K, reserved 1048576K
}
Event: 6.611 GC heap after
{Heap after GC invocations=7 (full 0):
 garbage-first heap   total 81920K, used 20863K [0x0000000700000000, 0x0000000800000000)
  region size 2048K, 1 young (2048K), 1 survivors (2048K)
 Metaspace       used 25711K, committed 25984K, reserved 1073152K
  class space    used 3322K, committed 3456K, reserved 1048576K
}
Event: 7.400 GC heap before
{Heap before GC invocations=7 (full 0):
 garbage-first heap   total 81920K, used 55679K [0x0000000700000000, 0x0000000800000000)
  region size 2048K, 18 young (36864K), 1 survivors (2048K)
 Metaspace       used 25781K, committed 26048K, reserved 1073152K
  class space    used 3322K, committed 3456K, reserved 1048576K
}
Event: 7.401 GC heap after
{Heap after GC invocations=8 (full 0):
 garbage-first heap   total 81920K, used 20813K [0x0000000700000000, 0x0000000800000000)
  region size 2048K, 1 young (2048K), 1 survivors (2048K)
 Metaspace       used 25781K, committed 26048K, reserved 1073152K
  class space    used 3322K, committed 3456K, reserved 1048576K
}
Event: 8.966 GC heap before
{Heap before GC invocations=8 (full 0):
 garbage-first heap   total 81920K, used 57677K [0x0000000700000000, 0x0000000800000000)
  region size 2048K, 19 young (38912K), 1 survivors (2048K)
 Metaspace       used 26079K, committed 26368K, reserved 1073152K
  class space    used 3348K, committed 3456K, reserved 1048576K
}
Event: 8.968 GC heap after
{Heap after GC invocations=9 (full 0):
 garbage-first heap   total 81920K, used 20968K [0x0000000700000000, 0x0000000800000000)
  region size 2048K, 1 young (2048K), 1 survivors (2048K)
 Metaspace       used 26079K, committed 26368K, reserved 1073152K
  class space    used 3348K, committed 3456K, reserved 1048576K
}

